{"C:\\Users\\Amy\\OneDrive\\Documents\\GitHub\\glowing-carnival\\src\\config\\config.js": {"path":"C:\\Users\\Amy\\OneDrive\\Documents\\GitHub\\glowing-carnival\\src\\config\\config.js","statementMap":{"0":{"start":{"line":1,"column":15},"end":{"line":1,"column":32}},"1":{"start":{"line":3,"column":0},"end":{"line":3,"column":16}},"2":{"start":{"line":5,"column":23},"end":{"line":5,"column":55}},"3":{"start":{"line":6,"column":23},"end":{"line":6,"column":55}},"4":{"start":{"line":8,"column":18},"end":{"line":8,"column":99}},"5":{"start":{"line":9,"column":20},"end":{"line":9,"column":86}},"6":{"start":{"line":12,"column":1},"end":{"line":13,"column":67}},"7":{"start":{"line":16,"column":1},"end":{"line":17,"column":67}},"8":{"start":{"line":19,"column":18},"end":{"line":19,"column":45}},"9":{"start":{"line":21,"column":15},"end":{"line":35,"column":1}},"10":{"start":{"line":37,"column":0},"end":{"line":37,"column":24}}},"fnMap":{},"branchMap":{"0":{"loc":{"start":{"line":5,"column":23},"end":{"line":5,"column":55}},"type":"binary-expr","locations":[{"start":{"line":5,"column":23},"end":{"line":5,"column":49}},{"start":{"line":5,"column":53},"end":{"line":5,"column":55}}],"line":5},"1":{"loc":{"start":{"line":6,"column":23},"end":{"line":6,"column":55}},"type":"binary-expr","locations":[{"start":{"line":6,"column":23},"end":{"line":6,"column":49}},{"start":{"line":6,"column":53},"end":{"line":6,"column":55}}],"line":6},"2":{"loc":{"start":{"line":9,"column":20},"end":{"line":9,"column":86}},"type":"cond-expr","locations":[{"start":{"line":9,"column":46},"end":{"line":9,"column":79}},{"start":{"line":9,"column":82},"end":{"line":9,"column":86}}],"line":9},"3":{"loc":{"start":{"line":12,"column":1},"end":{"line":13,"column":67}},"type":"binary-expr","locations":[{"start":{"line":12,"column":1},"end":{"line":12,"column":27}},{"start":{"line":13,"column":1},"end":{"line":13,"column":67}}],"line":12},"4":{"loc":{"start":{"line":16,"column":1},"end":{"line":17,"column":67}},"type":"binary-expr","locations":[{"start":{"line":16,"column":1},"end":{"line":16,"column":35}},{"start":{"line":17,"column":1},"end":{"line":17,"column":67}}],"line":16},"5":{"loc":{"start":{"line":19,"column":18},"end":{"line":19,"column":45}},"type":"binary-expr","locations":[{"start":{"line":19,"column":18},"end":{"line":19,"column":39}},{"start":{"line":19,"column":43},"end":{"line":19,"column":45}}],"line":19}},"s":{"0":2,"1":2,"2":2,"3":2,"4":2,"5":2,"6":2,"7":2,"8":2,"9":2,"10":2},"f":{},"b":{"0":[2,0],"1":[2,0],"2":[2,0],"3":[2,2],"4":[2,2],"5":[2,2]},"_coverageSchema":"1a1c01bbd47fc00a2c39e90264f33305004495a9","hash":"20dcde202a65a228b167a82dcb5a11c540cf7836"}
,"C:\\Users\\Amy\\OneDrive\\Documents\\GitHub\\glowing-carnival\\src\\controllers\\auth.controller.js": {"path":"C:\\Users\\Amy\\OneDrive\\Documents\\GitHub\\glowing-carnival\\src\\controllers\\auth.controller.js","statementMap":{"0":{"start":{"line":1,"column":15},"end":{"line":1,"column":34}},"1":{"start":{"line":2,"column":12},"end":{"line":2,"column":35}},"2":{"start":{"line":3,"column":13},"end":{"line":3,"column":44}},"3":{"start":{"line":4,"column":15},"end":{"line":4,"column":42}},"4":{"start":{"line":5,"column":13},"end":{"line":5,"column":51}},"5":{"start":{"line":6,"column":25},"end":{"line":6,"column":44}},"6":{"start":{"line":7,"column":15},"end":{"line":14,"column":2}},"7":{"start":{"line":16,"column":17},"end":{"line":30,"column":1}},"8":{"start":{"line":17,"column":1},"end":{"line":29,"column":2}},"9":{"start":{"line":18,"column":2},"end":{"line":18,"column":24}},"10":{"start":{"line":19,"column":36},"end":{"line":19,"column":44}},"11":{"start":{"line":20,"column":15},"end":{"line":20,"column":50}},"12":{"start":{"line":21,"column":16},"end":{"line":21,"column":40}},"13":{"start":{"line":23,"column":2},"end":{"line":23,"column":20}},"14":{"start":{"line":25,"column":2},"end":{"line":25,"column":40}},"15":{"start":{"line":28,"column":2},"end":{"line":28,"column":23}},"16":{"start":{"line":32,"column":14},"end":{"line":52,"column":1}},"17":{"start":{"line":33,"column":1},"end":{"line":51,"column":2}},"18":{"start":{"line":34,"column":30},"end":{"line":34,"column":38}},"19":{"start":{"line":35,"column":15},"end":{"line":35,"column":44}},"20":{"start":{"line":36,"column":2},"end":{"line":39,"column":3}},"21":{"start":{"line":37,"column":3},"end":{"line":37,"column":66}},"22":{"start":{"line":38,"column":3},"end":{"line":38,"column":10}},"23":{"start":{"line":41,"column":18},"end":{"line":41,"column":57}},"24":{"start":{"line":42,"column":2},"end":{"line":45,"column":3}},"25":{"start":{"line":43,"column":3},"end":{"line":43,"column":66}},"26":{"start":{"line":44,"column":3},"end":{"line":44,"column":10}},"27":{"start":{"line":47,"column":16},"end":{"line":47,"column":40}},"28":{"start":{"line":48,"column":2},"end":{"line":48,"column":34}},"29":{"start":{"line":50,"column":2},"end":{"line":50,"column":14}},"30":{"start":{"line":54,"column":21},"end":{"line":85,"column":1}},"31":{"start":{"line":55,"column":1},"end":{"line":84,"column":2}},"32":{"start":{"line":56,"column":18},"end":{"line":56,"column":38}},"33":{"start":{"line":57,"column":2},"end":{"line":57,"column":29}},"34":{"start":{"line":58,"column":27},"end":{"line":58,"column":35}},"35":{"start":{"line":59,"column":2},"end":{"line":59,"column":28}},"36":{"start":{"line":60,"column":18},"end":{"line":60,"column":62}},"37":{"start":{"line":61,"column":15},"end":{"line":61,"column":47}},"38":{"start":{"line":63,"column":2},"end":{"line":66,"column":3}},"39":{"start":{"line":64,"column":3},"end":{"line":64,"column":62}},"40":{"start":{"line":65,"column":3},"end":{"line":65,"column":10}},"41":{"start":{"line":68,"column":29},"end":{"line":68,"column":53}},"42":{"start":{"line":70,"column":30},"end":{"line":72,"column":4}},"43":{"start":{"line":73,"column":2},"end":{"line":73,"column":84}},"44":{"start":{"line":73,"column":60},"end":{"line":73,"column":82}},"45":{"start":{"line":74,"column":2},"end":{"line":74,"column":47}},"46":{"start":{"line":76,"column":2},"end":{"line":76,"column":20}},"47":{"start":{"line":77,"column":2},"end":{"line":77,"column":36}},"48":{"start":{"line":78,"column":2},"end":{"line":78,"column":23}},"49":{"start":{"line":79,"column":2},"end":{"line":79,"column":83}},"50":{"start":{"line":81,"column":2},"end":{"line":81,"column":22}},"51":{"start":{"line":82,"column":2},"end":{"line":82,"column":29}},"52":{"start":{"line":87,"column":0},"end":{"line":91,"column":2}}},"fnMap":{"0":{"name":"(anonymous_0)","decl":{"start":{"line":16,"column":17},"end":{"line":16,"column":18}},"loc":{"start":{"line":16,"column":43},"end":{"line":30,"column":1}},"line":16},"1":{"name":"(anonymous_1)","decl":{"start":{"line":32,"column":14},"end":{"line":32,"column":15}},"loc":{"start":{"line":32,"column":40},"end":{"line":52,"column":1}},"line":32},"2":{"name":"(anonymous_2)","decl":{"start":{"line":54,"column":21},"end":{"line":54,"column":22}},"loc":{"start":{"line":54,"column":41},"end":{"line":85,"column":1}},"line":54},"3":{"name":"(anonymous_3)","decl":{"start":{"line":73,"column":49},"end":{"line":73,"column":50}},"loc":{"start":{"line":73,"column":60},"end":{"line":73,"column":82}},"line":73}},"branchMap":{"0":{"loc":{"start":{"line":36,"column":2},"end":{"line":39,"column":3}},"type":"if","locations":[{"start":{"line":36,"column":2},"end":{"line":39,"column":3}},{"start":{},"end":{}}],"line":36},"1":{"loc":{"start":{"line":42,"column":2},"end":{"line":45,"column":3}},"type":"if","locations":[{"start":{"line":42,"column":2},"end":{"line":45,"column":3}},{"start":{},"end":{}}],"line":42},"2":{"loc":{"start":{"line":63,"column":2},"end":{"line":66,"column":3}},"type":"if","locations":[{"start":{"line":63,"column":2},"end":{"line":66,"column":3}},{"start":{},"end":{}}],"line":63}},"s":{"0":1,"1":1,"2":1,"3":1,"4":1,"5":1,"6":1,"7":1,"8":3,"9":3,"10":3,"11":3,"12":3,"13":3,"14":1,"15":2,"16":1,"17":0,"18":0,"19":0,"20":0,"21":0,"22":0,"23":0,"24":0,"25":0,"26":0,"27":0,"28":0,"29":0,"30":1,"31":1,"32":1,"33":1,"34":1,"35":1,"36":1,"37":1,"38":1,"39":0,"40":0,"41":1,"42":1,"43":1,"44":1,"45":1,"46":1,"47":1,"48":1,"49":1,"50":0,"51":0,"52":1},"f":{"0":3,"1":0,"2":1,"3":1},"b":{"0":[0,0],"1":[0,0],"2":[0,1]},"_coverageSchema":"1a1c01bbd47fc00a2c39e90264f33305004495a9","hash":"fdb669dbbd0d66ababd897f8ad98d947d29436d3"}
,"C:\\Users\\Amy\\OneDrive\\Documents\\GitHub\\glowing-carnival\\src\\for_next\\services.js": {"path":"C:\\Users\\Amy\\OneDrive\\Documents\\GitHub\\glowing-carnival\\src\\for_next\\services.js","statementMap":{"0":{"start":{"line":2,"column":4},"end":{"line":2,"column":42}}},"fnMap":{"0":{"name":"next","decl":{"start":{"line":1,"column":9},"end":{"line":1,"column":13}},"loc":{"start":{"line":1,"column":21},"end":{"line":3,"column":1}},"line":1}},"branchMap":{},"s":{"0":0},"f":{"0":0},"b":{},"_coverageSchema":"1a1c01bbd47fc00a2c39e90264f33305004495a9","hash":"30fbaec8de565d77b5e7956300c4e643d91305c1"}
,"C:\\Users\\Amy\\OneDrive\\Documents\\GitHub\\glowing-carnival\\src\\models\\user.model.js": {"path":"C:\\Users\\Amy\\OneDrive\\Documents\\GitHub\\glowing-carnival\\src\\models\\user.model.js","statementMap":{"0":{"start":{"line":1,"column":17},"end":{"line":1,"column":36}},"1":{"start":{"line":2,"column":15},"end":{"line":2,"column":34}},"2":{"start":{"line":3,"column":12},"end":{"line":3,"column":35}},"3":{"start":{"line":4,"column":15},"end":{"line":4,"column":42}},"4":{"start":{"line":6,"column":19},"end":{"line":21,"column":2}},"5":{"start":{"line":24,"column":0},"end":{"line":34,"column":3}},"6":{"start":{"line":25,"column":1},"end":{"line":33,"column":2}},"7":{"start":{"line":26,"column":15},"end":{"line":26,"column":19}},"8":{"start":{"line":27,"column":2},"end":{"line":29,"column":3}},"9":{"start":{"line":28,"column":3},"end":{"line":28,"column":70}},"10":{"start":{"line":30,"column":2},"end":{"line":30,"column":9}},"11":{"start":{"line":32,"column":2},"end":{"line":32,"column":14}},"12":{"start":{"line":37,"column":0},"end":{"line":47,"column":2}},"13":{"start":{"line":38,"column":14},"end":{"line":38,"column":18}},"14":{"start":{"line":39,"column":15},"end":{"line":43,"column":2}},"15":{"start":{"line":44,"column":22},"end":{"line":44,"column":90}},"16":{"start":{"line":45,"column":1},"end":{"line":45,"column":39}},"17":{"start":{"line":46,"column":1},"end":{"line":46,"column":59}},"18":{"start":{"line":49,"column":13},"end":{"line":49,"column":47}},"19":{"start":{"line":51,"column":0},"end":{"line":51,"column":22}}},"fnMap":{"0":{"name":"(anonymous_0)","decl":{"start":{"line":24,"column":23},"end":{"line":24,"column":24}},"loc":{"start":{"line":24,"column":45},"end":{"line":34,"column":1}},"line":24},"1":{"name":"(anonymous_1)","decl":{"start":{"line":37,"column":39},"end":{"line":37,"column":40}},"loc":{"start":{"line":37,"column":51},"end":{"line":47,"column":1}},"line":37}},"branchMap":{"0":{"loc":{"start":{"line":27,"column":2},"end":{"line":29,"column":3}},"type":"if","locations":[{"start":{"line":27,"column":2},"end":{"line":29,"column":3}},{"start":{},"end":{}}],"line":27}},"s":{"0":2,"1":2,"2":2,"3":2,"4":2,"5":2,"6":6,"7":6,"8":6,"9":5,"10":6,"11":0,"12":2,"13":5,"14":5,"15":5,"16":5,"17":5,"18":2,"19":2},"f":{"0":6,"1":5},"b":{"0":[5,1]},"_coverageSchema":"1a1c01bbd47fc00a2c39e90264f33305004495a9","hash":"cff7a6d43db88563a516b1ad7439bfbc80f1ab9f"}
}
