{"/Users/simonwu/Documents/glowing-carnival/src/config/config.js": {"path":"/Users/simonwu/Documents/glowing-carnival/src/config/config.js","statementMap":{"0":{"start":{"line":1,"column":15},"end":{"line":1,"column":32}},"1":{"start":{"line":3,"column":0},"end":{"line":3,"column":16}},"2":{"start":{"line":5,"column":23},"end":{"line":5,"column":55}},"3":{"start":{"line":6,"column":23},"end":{"line":6,"column":55}},"4":{"start":{"line":8,"column":18},"end":{"line":8,"column":99}},"5":{"start":{"line":9,"column":20},"end":{"line":9,"column":86}},"6":{"start":{"line":12,"column":1},"end":{"line":13,"column":67}},"7":{"start":{"line":16,"column":1},"end":{"line":17,"column":67}},"8":{"start":{"line":19,"column":18},"end":{"line":19,"column":45}},"9":{"start":{"line":21,"column":15},"end":{"line":35,"column":1}},"10":{"start":{"line":37,"column":0},"end":{"line":37,"column":24}}},"fnMap":{},"branchMap":{"0":{"loc":{"start":{"line":5,"column":23},"end":{"line":5,"column":55}},"type":"binary-expr","locations":[{"start":{"line":5,"column":23},"end":{"line":5,"column":49}},{"start":{"line":5,"column":53},"end":{"line":5,"column":55}}],"line":5},"1":{"loc":{"start":{"line":6,"column":23},"end":{"line":6,"column":55}},"type":"binary-expr","locations":[{"start":{"line":6,"column":23},"end":{"line":6,"column":49}},{"start":{"line":6,"column":53},"end":{"line":6,"column":55}}],"line":6},"2":{"loc":{"start":{"line":9,"column":20},"end":{"line":9,"column":86}},"type":"cond-expr","locations":[{"start":{"line":9,"column":46},"end":{"line":9,"column":79}},{"start":{"line":9,"column":82},"end":{"line":9,"column":86}}],"line":9},"3":{"loc":{"start":{"line":12,"column":1},"end":{"line":13,"column":67}},"type":"binary-expr","locations":[{"start":{"line":12,"column":1},"end":{"line":12,"column":27}},{"start":{"line":13,"column":1},"end":{"line":13,"column":67}}],"line":12},"4":{"loc":{"start":{"line":16,"column":1},"end":{"line":17,"column":67}},"type":"binary-expr","locations":[{"start":{"line":16,"column":1},"end":{"line":16,"column":35}},{"start":{"line":17,"column":1},"end":{"line":17,"column":67}}],"line":16},"5":{"loc":{"start":{"line":19,"column":18},"end":{"line":19,"column":45}},"type":"binary-expr","locations":[{"start":{"line":19,"column":18},"end":{"line":19,"column":39}},{"start":{"line":19,"column":43},"end":{"line":19,"column":45}}],"line":19}},"s":{"0":2,"1":2,"2":2,"3":2,"4":2,"5":2,"6":2,"7":2,"8":2,"9":2,"10":2},"f":{},"b":{"0":[2,0],"1":[2,0],"2":[2,0],"3":[2,2],"4":[2,2],"5":[2,2]},"_coverageSchema":"1a1c01bbd47fc00a2c39e90264f33305004495a9","hash":"01e9cdb8a07b7365e684b786bd1b96958f7f9083"}
,"/Users/simonwu/Documents/glowing-carnival/src/controllers/auth.controller.js": {"path":"/Users/simonwu/Documents/glowing-carnival/src/controllers/auth.controller.js","statementMap":{"0":{"start":{"line":1,"column":15},"end":{"line":1,"column":34}},"1":{"start":{"line":2,"column":12},"end":{"line":2,"column":35}},"2":{"start":{"line":3,"column":13},"end":{"line":3,"column":44}},"3":{"start":{"line":4,"column":15},"end":{"line":4,"column":42}},"4":{"start":{"line":5,"column":25},"end":{"line":5,"column":44}},"5":{"start":{"line":6,"column":15},"end":{"line":13,"column":2}},"6":{"start":{"line":15,"column":17},"end":{"line":28,"column":1}},"7":{"start":{"line":16,"column":1},"end":{"line":27,"column":2}},"8":{"start":{"line":17,"column":36},"end":{"line":17,"column":44}},"9":{"start":{"line":18,"column":15},"end":{"line":18,"column":50}},"10":{"start":{"line":20,"column":16},"end":{"line":20,"column":40}},"11":{"start":{"line":22,"column":2},"end":{"line":22,"column":20}},"12":{"start":{"line":24,"column":2},"end":{"line":24,"column":40}},"13":{"start":{"line":26,"column":2},"end":{"line":26,"column":14}},"14":{"start":{"line":30,"column":14},"end":{"line":50,"column":1}},"15":{"start":{"line":31,"column":1},"end":{"line":49,"column":2}},"16":{"start":{"line":32,"column":30},"end":{"line":32,"column":38}},"17":{"start":{"line":33,"column":15},"end":{"line":33,"column":44}},"18":{"start":{"line":34,"column":2},"end":{"line":37,"column":3}},"19":{"start":{"line":35,"column":3},"end":{"line":35,"column":66}},"20":{"start":{"line":36,"column":3},"end":{"line":36,"column":10}},"21":{"start":{"line":39,"column":18},"end":{"line":39,"column":63}},"22":{"start":{"line":40,"column":2},"end":{"line":43,"column":3}},"23":{"start":{"line":41,"column":3},"end":{"line":41,"column":66}},"24":{"start":{"line":42,"column":3},"end":{"line":42,"column":10}},"25":{"start":{"line":45,"column":16},"end":{"line":45,"column":40}},"26":{"start":{"line":46,"column":2},"end":{"line":46,"column":34}},"27":{"start":{"line":48,"column":2},"end":{"line":48,"column":14}},"28":{"start":{"line":52,"column":21},"end":{"line":80,"column":1}},"29":{"start":{"line":53,"column":1},"end":{"line":79,"column":2}},"30":{"start":{"line":54,"column":18},"end":{"line":54,"column":38}},"31":{"start":{"line":55,"column":2},"end":{"line":55,"column":29}},"32":{"start":{"line":56,"column":27},"end":{"line":56,"column":35}},"33":{"start":{"line":57,"column":18},"end":{"line":57,"column":62}},"34":{"start":{"line":58,"column":15},"end":{"line":58,"column":47}},"35":{"start":{"line":60,"column":2},"end":{"line":63,"column":3}},"36":{"start":{"line":61,"column":3},"end":{"line":61,"column":62}},"37":{"start":{"line":62,"column":3},"end":{"line":62,"column":10}},"38":{"start":{"line":65,"column":29},"end":{"line":65,"column":53}},"39":{"start":{"line":66,"column":30},"end":{"line":68,"column":4}},"40":{"start":{"line":69,"column":2},"end":{"line":69,"column":84}},"41":{"start":{"line":69,"column":60},"end":{"line":69,"column":82}},"42":{"start":{"line":70,"column":2},"end":{"line":70,"column":47}},"43":{"start":{"line":72,"column":2},"end":{"line":72,"column":20}},"44":{"start":{"line":73,"column":2},"end":{"line":73,"column":36}},"45":{"start":{"line":74,"column":2},"end":{"line":74,"column":23}},"46":{"start":{"line":75,"column":2},"end":{"line":75,"column":83}},"47":{"start":{"line":77,"column":2},"end":{"line":77,"column":22}},"48":{"start":{"line":78,"column":2},"end":{"line":78,"column":61}},"49":{"start":{"line":82,"column":0},"end":{"line":86,"column":2}}},"fnMap":{"0":{"name":"(anonymous_0)","decl":{"start":{"line":15,"column":17},"end":{"line":15,"column":18}},"loc":{"start":{"line":15,"column":43},"end":{"line":28,"column":1}},"line":15},"1":{"name":"(anonymous_1)","decl":{"start":{"line":30,"column":14},"end":{"line":30,"column":15}},"loc":{"start":{"line":30,"column":40},"end":{"line":50,"column":1}},"line":30},"2":{"name":"(anonymous_2)","decl":{"start":{"line":52,"column":21},"end":{"line":52,"column":22}},"loc":{"start":{"line":52,"column":41},"end":{"line":80,"column":1}},"line":52},"3":{"name":"(anonymous_3)","decl":{"start":{"line":69,"column":49},"end":{"line":69,"column":50}},"loc":{"start":{"line":69,"column":60},"end":{"line":69,"column":82}},"line":69}},"branchMap":{"0":{"loc":{"start":{"line":34,"column":2},"end":{"line":37,"column":3}},"type":"if","locations":[{"start":{"line":34,"column":2},"end":{"line":37,"column":3}},{"start":{},"end":{}}],"line":34},"1":{"loc":{"start":{"line":40,"column":2},"end":{"line":43,"column":3}},"type":"if","locations":[{"start":{"line":40,"column":2},"end":{"line":43,"column":3}},{"start":{},"end":{}}],"line":40},"2":{"loc":{"start":{"line":60,"column":2},"end":{"line":63,"column":3}},"type":"if","locations":[{"start":{"line":60,"column":2},"end":{"line":63,"column":3}},{"start":{},"end":{}}],"line":60}},"s":{"0":1,"1":1,"2":1,"3":1,"4":1,"5":1,"6":1,"7":0,"8":0,"9":0,"10":0,"11":0,"12":0,"13":0,"14":1,"15":4,"16":4,"17":3,"18":3,"19":1,"20":1,"21":2,"22":2,"23":1,"24":1,"25":1,"26":1,"27":1,"28":1,"29":0,"30":0,"31":0,"32":0,"33":0,"34":0,"35":0,"36":0,"37":0,"38":0,"39":0,"40":0,"41":0,"42":0,"43":0,"44":0,"45":0,"46":0,"47":0,"48":0,"49":1},"f":{"0":0,"1":4,"2":0,"3":0},"b":{"0":[1,2],"1":[1,1],"2":[0,0]},"_coverageSchema":"1a1c01bbd47fc00a2c39e90264f33305004495a9","hash":"dcc8cc9f7f1bd7bc548b29b16d12f5f2af5aa6a1"}
,"/Users/simonwu/Documents/glowing-carnival/src/models/user.model.js": {"path":"/Users/simonwu/Documents/glowing-carnival/src/models/user.model.js","statementMap":{"0":{"start":{"line":1,"column":17},"end":{"line":1,"column":36}},"1":{"start":{"line":2,"column":15},"end":{"line":2,"column":34}},"2":{"start":{"line":3,"column":12},"end":{"line":3,"column":35}},"3":{"start":{"line":4,"column":15},"end":{"line":4,"column":42}},"4":{"start":{"line":6,"column":19},"end":{"line":21,"column":2}},"5":{"start":{"line":24,"column":0},"end":{"line":34,"column":3}},"6":{"start":{"line":25,"column":1},"end":{"line":33,"column":2}},"7":{"start":{"line":26,"column":15},"end":{"line":26,"column":19}},"8":{"start":{"line":27,"column":2},"end":{"line":29,"column":3}},"9":{"start":{"line":28,"column":3},"end":{"line":28,"column":70}},"10":{"start":{"line":30,"column":2},"end":{"line":30,"column":9}},"11":{"start":{"line":32,"column":2},"end":{"line":32,"column":14}},"12":{"start":{"line":37,"column":0},"end":{"line":47,"column":2}},"13":{"start":{"line":38,"column":14},"end":{"line":38,"column":18}},"14":{"start":{"line":39,"column":15},"end":{"line":43,"column":2}},"15":{"start":{"line":44,"column":22},"end":{"line":44,"column":90}},"16":{"start":{"line":45,"column":1},"end":{"line":45,"column":39}},"17":{"start":{"line":46,"column":1},"end":{"line":46,"column":59}},"18":{"start":{"line":49,"column":13},"end":{"line":49,"column":47}},"19":{"start":{"line":51,"column":0},"end":{"line":51,"column":22}}},"fnMap":{"0":{"name":"(anonymous_0)","decl":{"start":{"line":24,"column":23},"end":{"line":24,"column":24}},"loc":{"start":{"line":24,"column":45},"end":{"line":34,"column":1}},"line":24},"1":{"name":"(anonymous_1)","decl":{"start":{"line":37,"column":39},"end":{"line":37,"column":40}},"loc":{"start":{"line":37,"column":51},"end":{"line":47,"column":1}},"line":37}},"branchMap":{"0":{"loc":{"start":{"line":27,"column":2},"end":{"line":29,"column":3}},"type":"if","locations":[{"start":{"line":27,"column":2},"end":{"line":29,"column":3}},{"start":{},"end":{}}],"line":27}},"s":{"0":2,"1":2,"2":2,"3":2,"4":2,"5":2,"6":1,"7":1,"8":1,"9":1,"10":1,"11":0,"12":2,"13":0,"14":0,"15":0,"16":0,"17":0,"18":2,"19":2},"f":{"0":1,"1":0},"b":{"0":[1,0]},"_coverageSchema":"1a1c01bbd47fc00a2c39e90264f33305004495a9","hash":"23a91a5e65545cdc5e4a04fb1b96c9288db38dfa"}
}
