TN:
SF:src/config/config.js
FNF:0
FNH:0
DA:1,2
DA:3,2
DA:5,2
DA:6,2
DA:8,2
DA:9,2
DA:12,2
DA:16,2
DA:19,2
DA:21,2
DA:37,2
LF:11
LH:11
BRDA:5,0,0,2
BRDA:5,0,1,0
BRDA:6,1,0,2
BRDA:6,1,1,0
BRDA:9,2,0,2
BRDA:9,2,1,0
BRDA:12,3,0,2
BRDA:12,3,1,2
BRDA:16,4,0,2
BRDA:16,4,1,2
BRDA:19,5,0,2
BRDA:19,5,1,2
BRF:12
BRH:9
end_of_record
TN:
SF:src/controllers/auth.controller.js
FN:15,(anonymous_0)
FN:30,(anonymous_1)
FN:52,(anonymous_2)
FN:69,(anonymous_3)
FNF:4
FNH:1
FNDA:0,(anonymous_0)
FNDA:4,(anonymous_1)
FNDA:0,(anonymous_2)
FNDA:0,(anonymous_3)
DA:1,1
DA:2,1
DA:3,1
DA:4,1
DA:5,1
DA:6,1
DA:15,1
DA:16,0
DA:17,0
DA:18,0
DA:20,0
DA:22,0
DA:24,0
DA:26,0
DA:30,1
DA:31,4
DA:32,4
DA:33,3
DA:34,3
DA:35,1
DA:36,1
DA:39,2
DA:40,2
DA:41,1
DA:42,1
DA:45,1
DA:46,1
DA:48,1
DA:52,1
DA:53,0
DA:54,0
DA:55,0
DA:56,0
DA:57,0
DA:58,0
DA:60,0
DA:61,0
DA:62,0
DA:65,0
DA:66,0
DA:69,0
DA:70,0
DA:72,0
DA:73,0
DA:74,0
DA:75,0
DA:77,0
DA:78,0
DA:82,1
LF:49
LH:23
BRDA:34,0,0,1
BRDA:34,0,1,2
BRDA:40,1,0,1
BRDA:40,1,1,1
BRDA:60,2,0,0
BRDA:60,2,1,0
BRF:6
BRH:4
end_of_record
TN:
SF:src/models/user.model.js
FN:24,(anonymous_0)
FN:37,(anonymous_1)
FNF:2
FNH:1
FNDA:1,(anonymous_0)
FNDA:0,(anonymous_1)
DA:1,2
DA:2,2
DA:3,2
DA:4,2
DA:6,2
DA:24,2
DA:25,1
DA:26,1
DA:27,1
DA:28,1
DA:30,1
DA:32,0
DA:37,2
DA:38,0
DA:39,0
DA:44,0
DA:45,0
DA:46,0
DA:49,2
DA:51,2
LF:20
LH:14
BRDA:27,0,0,1
BRDA:27,0,1,0
BRF:2
BRH:1
end_of_record
