TN:
SF:src\config\config.js
FNF:0
FNH:0
DA:1,2
DA:3,2
DA:5,2
DA:6,2
DA:8,2
DA:9,2
DA:12,2
DA:16,2
DA:19,2
DA:21,2
DA:37,2
LF:11
LH:11
BRDA:5,0,0,2
BRDA:5,0,1,0
BRDA:6,1,0,2
BRDA:6,1,1,0
BRDA:9,2,0,2
BRDA:9,2,1,0
BRDA:12,3,0,2
BRDA:12,3,1,2
BRDA:16,4,0,2
BRDA:16,4,1,2
BRDA:19,5,0,2
BRDA:19,5,1,2
BRF:12
BRH:9
end_of_record
TN:
SF:src\controllers\auth.controller.js
FN:16,(anonymous_0)
FN:32,(anonymous_1)
FN:54,(anonymous_2)
FN:73,(anonymous_3)
FNF:4
FNH:3
FNDA:3,(anonymous_0)
FNDA:0,(anonymous_1)
FNDA:1,(anonymous_2)
FNDA:1,(anonymous_3)
DA:1,1
DA:2,1
DA:3,1
DA:4,1
DA:5,1
DA:6,1
DA:7,1
DA:16,1
DA:17,3
DA:18,3
DA:19,3
DA:20,3
DA:21,3
DA:23,3
DA:25,1
DA:28,2
DA:32,1
DA:33,0
DA:34,0
DA:35,0
DA:36,0
DA:37,0
DA:38,0
DA:41,0
DA:42,0
DA:43,0
DA:44,0
DA:47,0
DA:48,0
DA:50,0
DA:54,1
DA:55,1
DA:56,1
DA:57,1
DA:58,1
DA:59,1
DA:60,1
DA:61,1
DA:63,1
DA:64,0
DA:65,0
DA:68,1
DA:70,1
DA:73,1
DA:74,1
DA:76,1
DA:77,1
DA:78,1
DA:79,1
DA:81,0
DA:82,0
DA:87,1
LF:52
LH:35
BRDA:36,0,0,0
BRDA:36,0,1,0
BRDA:42,1,0,0
BRDA:42,1,1,0
BRDA:63,2,0,0
BRDA:63,2,1,1
BRF:6
BRH:1
end_of_record
TN:
SF:src\for_next\services.js
FN:1,next
FNF:1
FNH:0
FNDA:0,next
DA:2,0
LF:1
LH:0
BRF:0
BRH:0
end_of_record
TN:
SF:src\models\user.model.js
FN:24,(anonymous_0)
FN:37,(anonymous_1)
FNF:2
FNH:2
FNDA:6,(anonymous_0)
FNDA:5,(anonymous_1)
DA:1,2
DA:2,2
DA:3,2
DA:4,2
DA:6,2
DA:24,2
DA:25,6
DA:26,6
DA:27,6
DA:28,5
DA:30,6
DA:32,0
DA:37,2
DA:38,5
DA:39,5
DA:44,5
DA:45,5
DA:46,5
DA:49,2
DA:51,2
LF:20
LH:19
BRDA:27,0,0,5
BRDA:27,0,1,1
BRF:2
BRH:2
end_of_record
